\BOOKMARK [1][-]{section.1}{\376\377\000I\000n\000t\000r\000o\000d\000u\000c\000t\000i\000o\000n}{}% 1
\BOOKMARK [2][-]{subsection.1.1}{\376\377\000M\000o\000t\000i\000v\000a\000t\000i\000o\000n\000\040\000a\000n\000d\000\040\000B\000a\000c\000k\000g\000r\000o\000u\000n\000d}{section.1}% 2
\BOOKMARK [2][-]{subsection.1.2}{\376\377\000M\000a\000i\000n\000\040\000C\000o\000n\000t\000r\000i\000b\000u\000t\000i\000o\000n\000s}{section.1}% 3
\BOOKMARK [1][-]{section.2}{\376\377\000P\000r\000o\000b\000l\000e\000m\000\040\000F\000o\000r\000m\000u\000l\000a\000t\000i\000o\000n\000\040\000a\000n\000d\000\040\000C\000o\000n\000t\000r\000o\000l\000\040\000L\000a\000w}{}% 4
\BOOKMARK [2][-]{subsection.2.1}{\376\377\000S\000y\000s\000t\000e\000m\000\040\000D\000y\000n\000a\000m\000i\000c\000s}{section.2}% 5
\BOOKMARK [2][-]{subsection.2.2}{\376\377\000I\000d\000e\000a\000l\000\040\000C\000o\000n\000t\000r\000o\000l\000\040\000L\000a\000w\000\040\000a\000n\000d\000\040\000E\000r\000r\000o\000r\000\040\000D\000y\000n\000a\000m\000i\000c\000s}{section.2}% 6
\BOOKMARK [1][-]{section.3}{\376\377\000S\000y\000s\000t\000e\000m\000\040\000D\000e\000t\000a\000i\000l\000s}{}% 7
\BOOKMARK [2][-]{subsection.3.1}{\376\377\000C\000V\000L\000-\000C\000O\000N\000A\000C\000\040\000A\000r\000c\000h\000i\000t\000e\000c\000t\000u\000r\000e}{section.3}% 8
\BOOKMARK [3][-]{subsubsection.3.1.1}{\376\377\000C\000o\000n\000v\000o\000l\000u\000t\000i\000o\000n\000a\000l\000\040\000L\000a\000y\000e\000r\000s\000\040\000\050\000C\000L\000s\000\051}{subsection.3.1}% 9
\BOOKMARK [3][-]{subsubsection.3.1.2}{\376\377\000F\000u\000l\000l\000y\000-\000C\000o\000n\000n\000e\000c\000t\000e\000d\000\040\000L\000a\000y\000e\000r\000s\000\040\000\050\000F\000C\000L\000s\000\051}{subsection.3.1}% 10
\BOOKMARK [1][-]{section.4}{\376\377\000A\000d\000a\000p\000t\000a\000t\000i\000o\000n\000\040\000L\000a\000w\000s}{}% 11
\BOOKMARK [2][-]{subsection.4.1}{\376\377\000O\000p\000t\000i\000m\000i\000z\000a\000t\000i\000o\000n\000\040\000P\000r\000o\000b\000l\000e\000m}{section.4}% 12
\BOOKMARK [2][-]{subsection.4.2}{\376\377\000P\000r\000i\000m\000a\000l\000\040\000U\000p\000d\000a\000t\000e}{section.4}% 13
\BOOKMARK [3][-]{subsubsection.4.2.1}{\376\377\000O\000b\000j\000e\000c\000t\000i\000v\000e\000\040\000G\000r\000a\000d\000i\000e\000n\000t\000\040\000\050\000i\000\040\000J\000\051}{subsection.4.2}% 14
\BOOKMARK [3][-]{subsubsection.4.2.2}{\376\377\000C\000o\000n\000s\000t\000r\000a\000i\000n\000t\000\040\000G\000r\000a\000d\000i\000e\000n\000t\000s\000\040\000\050\000i\000\040\000c\000j\000\051}{subsection.4.2}% 15
\BOOKMARK [3][-]{subsubsection.4.2.3}{\376\377\000F\000i\000n\000a\000l\000\040\000P\000r\000i\000m\000a\000l\000\040\000U\000p\000d\000a\000t\000e\000\040\000R\000u\000l\000e}{subsection.4.2}% 16
\BOOKMARK [2][-]{subsection.4.3}{\376\377\000D\000u\000a\000l\000\040\000U\000p\000d\000a\000t\000e}{section.4}% 17
\BOOKMARK [2][-]{subsection.4.4}{\376\377\000N\000e\000t\000w\000o\000r\000k\000\040\000J\000a\000c\000o\000b\000i\000a\000n\000s}{section.4}% 18
\BOOKMARK [3][-]{subsubsection.4.4.1}{\376\377\000F\000C\000L\000\040\000J\000a\000c\000o\000b\000i\000a\000n\000s\000\040\000\050\000F\000\040\000j\000f\000,\000\040\000j\000f\000\040\000[\0000\000,\000\040\040\046\000,\000\040\000k\000f\000]\000\051}{subsection.4.4}% 19
\BOOKMARK [3][-]{subsubsection.4.4.2}{\376\377\000C\000V\000L\000\040\000J\000a\000c\000o\000b\000i\000a\000n\000s\000\040\000\050\000C\000\040\000j\000c\000,\000\040\000j\000c\000\040\000[\0000\000,\000\040\040\046\000,\000\040\000k\000c\000]\000\051}{subsection.4.4}% 20
\BOOKMARK [1][-]{section.5}{\376\377\000S\000t\000a\000b\000i\000l\000i\000t\000y\000\040\000A\000n\000a\000l\000y\000s\000i\000s}{}% 21
\BOOKMARK [2][-]{subsection.5.1}{\376\377\000B\000o\000u\000n\000d\000e\000d\000n\000e\000s\000s\000\040\000o\000f\000\040\000e}{section.5}% 22
\BOOKMARK [2][-]{subsection.5.2}{\376\377\000B\000o\000u\000n\000d\000e\000d\000n\000e\000s\000s\000\040\000o\000f\000\040\000O\000u\000t\000p\000u\000t\000\040\000L\000a\000y\000e\000r\000\040\000W\000e\000i\000g\000h\000t\000s\000\040\000\050\000F\000j\000k\000f\000\051}{section.5}% 23
\BOOKMARK [3][-]{subsubsection.5.2.1}{\376\377\000C\000a\000s\000e\000\040\0001\000:\000\040\000C\000o\000n\000t\000r\000o\000l\000\040\000I\000n\000p\000u\000t\000\040\000S\000a\000t\000u\000r\000a\000t\000e\000d\000\040\000\050\000\040\0000\000\051}{subsection.5.2}% 24
\BOOKMARK [3][-]{subsubsection.5.2.2}{\376\377\000C\000a\000s\000e\000\040\0002\000:\000\040\000C\000o\000n\000t\000r\000o\000l\000\040\000I\000n\000p\000u\000t\000\040\000N\000o\000t\000\040\000S\000a\000t\000u\000r\000a\000t\000e\000d\000\040\000\050\000=\0000\000\051}{subsection.5.2}% 25
\BOOKMARK [2][-]{subsection.5.3}{\376\377\000B\000o\000u\000n\000d\000e\000d\000n\000e\000s\000s\000\040\000o\000f\000\040\000I\000n\000n\000e\000r\000\040\000L\000a\000y\000e\000r\000\040\000W\000e\000i\000g\000h\000t\000s\000\040\000\050\000j\000\040\000f\000o\000r\000\040\000j\000\040\000b\000e\000i\000n\000g\000\040\000a\000n\000\040\000I\000n\000n\000e\000r\000\040\000L\000a\000y\000e\000r\000\051}{section.5}% 26
\BOOKMARK [1][-]{section.6}{\376\377\000S\000i\000m\000u\000l\000a\000t\000i\000o\000n\000s}{}% 27
\BOOKMARK [1][-]{section.7}{\376\377\000C\000o\000n\000c\000l\000u\000s\000i\000o\000n\000\040\000a\000n\000d\000\040\000F\000u\000t\000u\000r\000e\000\040\000W\000o\000r\000k}{}% 28
\BOOKMARK [1][-]{section*.2}{\376\377\000R\000e\000f\000e\000r\000e\000n\000c\000e\000s}{}% 29
